[11:55:20] [main/INFO]: Setting user: Player638
[11:55:21] [Client thread/INFO]: LWJGL Version: 2.9.1
[11:55:25] [Client thread/INFO]: Reloading ResourceManager: Default, FMLFileResourcePack:Forge Mod Loader, FMLFileResourcePack:Minecraft Forge, FMLFileResourcePack:Big Guns, FMLFileResourcePack:Ski Mod
[11:55:26] [Sound Library Loader/INFO]: Sound engine started
[11:55:28] [Client thread/INFO]: Created: 512x256 textures/blocks-atlas
[11:55:28] [Client thread/INFO]: Created: 256x256 textures/items-atlas
[11:55:28] [Client thread/INFO]: Reloading ResourceManager: Default, FMLFileResourcePack:Forge Mod Loader, FMLFileResourcePack:Minecraft Forge, FMLFileResourcePack:Big Guns, FMLFileResourcePack:Ski Mod
[11:55:28] [Client thread/INFO]: Created: 512x256 textures/blocks-atlas
[11:55:28] [Client thread/INFO]: Created: 256x256 textures/items-atlas
[11:55:29] [Sound Library Loader/INFO]: Sound engine started
[11:55:33] [Server thread/INFO]: Starting integrated minecraft server version 1.7.10
[11:55:33] [Server thread/INFO]: Generating keypair
[11:55:36] [Server thread/INFO]: Preparing start region for level 0
[11:55:37] [Server thread/INFO]: Changing view distance to 12, from 10
[11:55:37] [Server thread/INFO]: Player638[local:E:90c40958] logged in with entity id 255 at (-1365.6511645310416, 4.0, 1578.0740301902163)
[11:55:37] [Server thread/INFO]: Player638 joined the game
[11:55:39] [Server thread/INFO]: Saving and pausing game...
[11:55:39] [Server thread/INFO]: Saving chunks for level 'Test'/Overworld
[11:55:39] [Server thread/INFO]: Saving chunks for level 'Test'/Nether
[11:55:39] [Server thread/INFO]: Saving chunks for level 'Test'/The End
[11:55:41] [Server thread/INFO]: Player638 has just earned the achievement [Taking Inventory]
[11:55:41] [Client thread/INFO]: [CHAT] Player638 has just earned the achievement [Taking Inventory]
[11:55:48] [Server thread/INFO]: Saving and pausing game...
[11:55:48] [Server thread/INFO]: Saving chunks for level 'Test'/Overworld
[11:55:49] [Server thread/INFO]: Saving chunks for level 'Test'/Nether
[11:55:49] [Server thread/INFO]: Saving chunks for level 'Test'/The End
[11:55:49] [Server thread/INFO]: Stopping server
[11:55:49] [Server thread/INFO]: Saving players
[11:55:49] [Server thread/INFO]: Saving worlds
[11:55:49] [Server thread/INFO]: Saving chunks for level 'Test'/Overworld
[11:55:49] [Server thread/INFO]: Saving chunks for level 'Test'/Nether
[11:55:49] [Server thread/INFO]: Saving chunks for level 'Test'/The End
[11:55:51] [Client thread/INFO]: Stopping!
